<?xml version="1.0" encoding="UTF-8"?>
<!-- Generated by org.testng.reporters.JUnitXMLReporter -->
<testsuite hostname="HINMAA050077" name="MasterTest" tests="7" failures="7" timestamp="30 Sep 2016 02:29:07 GMT" time="86.31" errors="0">
  <testcase name="@AfterTest close" time="0.0" classname="MasterTest.LoginTest">
    <failure type="java.lang.NullPointerException">
      <![CDATA[java.lang.NullPointerException
	at testUtills.Utills.RLog(Utills.java:333)
	at MasterTest.Testbase.close(Testbase.java:314)
	at java.util.concurrent.FutureTask.run(Unknown Source)
	at java.util.concurrent.ThreadPoolExecutor.runWorker(Unknown Source)
	at java.util.concurrent.ThreadPoolExecutor$Worker.run(Unknown Source)
	at java.lang.Thread.run(Unknown Source)
... Removed 14 stack frames]]>
    </failure>
  </testcase> <!-- @AfterTest close -->
  <testcase name="logininvalid" time="13.363" classname="MasterTest.LoginTest">
    <failure type="java.lang.RuntimeException" message="java.lang.InstantiationException: Master.DashboardPage">
      <![CDATA[java.lang.RuntimeException: java.lang.InstantiationException: Master.DashboardPage
	at Master.Pages.instantiatePage(Pages.java:41)
	at Master.Pages.initElements(Pages.java:19)
	at Master.Pages.Dashboard(Pages.java:70)
	at MasterTest.LoginTest.logininvalid(LoginTest.java:55)
	at java.util.concurrent.FutureTask.run(Unknown Source)
	at java.util.concurrent.ThreadPoolExecutor.runWorker(Unknown Source)
	at java.util.concurrent.ThreadPoolExecutor$Worker.run(Unknown Source)
	at java.lang.Thread.run(Unknown Source)
Caused by: java.lang.InstantiationException: Master.DashboardPage
	at java.lang.Class.newInstance(Unknown Source)
	at Master.Pages.instantiatePage(Pages.java:35)
	... 23 more
Caused by: java.lang.NoSuchMethodException: Master.DashboardPage.<init>()
	at java.lang.Class.getConstructor0(Unknown Source)
	... 25 more
... Removed 16 stack frames]]>
    </failure>
  </testcase> <!-- logininvalid -->
  <testcase name="logininvalid" time="7.563" classname="MasterTest.LoginTest">
    <failure type="java.lang.RuntimeException" message="java.lang.InstantiationException: Master.DashboardPage">
      <![CDATA[java.lang.RuntimeException: java.lang.InstantiationException: Master.DashboardPage
	at Master.Pages.instantiatePage(Pages.java:41)
	at Master.Pages.initElements(Pages.java:19)
	at Master.Pages.Dashboard(Pages.java:70)
	at MasterTest.LoginTest.logininvalid(LoginTest.java:55)
	at java.util.concurrent.FutureTask.run(Unknown Source)
	at java.util.concurrent.ThreadPoolExecutor.runWorker(Unknown Source)
	at java.util.concurrent.ThreadPoolExecutor$Worker.run(Unknown Source)
	at java.lang.Thread.run(Unknown Source)
Caused by: java.lang.InstantiationException: Master.DashboardPage
	at java.lang.Class.newInstance(Unknown Source)
	at Master.Pages.instantiatePage(Pages.java:35)
	... 23 more
Caused by: java.lang.NoSuchMethodException: Master.DashboardPage.<init>()
	at java.lang.Class.getConstructor0(Unknown Source)
	... 25 more
... Removed 16 stack frames]]>
    </failure>
  </testcase> <!-- logininvalid -->
  <testcase name="logininvalid" time="7.639" classname="MasterTest.LoginTest">
    <failure type="java.lang.RuntimeException" message="java.lang.InstantiationException: Master.DashboardPage">
      <![CDATA[java.lang.RuntimeException: java.lang.InstantiationException: Master.DashboardPage
	at Master.Pages.instantiatePage(Pages.java:41)
	at Master.Pages.initElements(Pages.java:19)
	at Master.Pages.Dashboard(Pages.java:70)
	at MasterTest.LoginTest.logininvalid(LoginTest.java:55)
	at java.util.concurrent.FutureTask.run(Unknown Source)
	at java.util.concurrent.ThreadPoolExecutor.runWorker(Unknown Source)
	at java.util.concurrent.ThreadPoolExecutor$Worker.run(Unknown Source)
	at java.lang.Thread.run(Unknown Source)
Caused by: java.lang.InstantiationException: Master.DashboardPage
	at java.lang.Class.newInstance(Unknown Source)
	at Master.Pages.instantiatePage(Pages.java:35)
	... 23 more
Caused by: java.lang.NoSuchMethodException: Master.DashboardPage.<init>()
	at java.lang.Class.getConstructor0(Unknown Source)
	... 25 more
... Removed 16 stack frames]]>
    </failure>
  </testcase> <!-- logininvalid -->
  <testcase name="loginvalid" time="7.594" classname="MasterTest.LoginTest">
    <failure type="java.lang.RuntimeException" message="java.lang.InstantiationException: Master.DashboardPage">
      <![CDATA[java.lang.RuntimeException: java.lang.InstantiationException: Master.DashboardPage
	at Master.Pages.instantiatePage(Pages.java:41)
	at Master.Pages.initElements(Pages.java:19)
	at Master.Pages.Dashboard(Pages.java:70)
	at MasterTest.LoginTest.loginvalid(LoginTest.java:30)
	at java.util.concurrent.FutureTask.run(Unknown Source)
	at java.util.concurrent.ThreadPoolExecutor.runWorker(Unknown Source)
	at java.util.concurrent.ThreadPoolExecutor$Worker.run(Unknown Source)
	at java.lang.Thread.run(Unknown Source)
Caused by: java.lang.InstantiationException: Master.DashboardPage
	at java.lang.Class.newInstance(Unknown Source)
	at Master.Pages.instantiatePage(Pages.java:35)
	... 23 more
Caused by: java.lang.NoSuchMethodException: Master.DashboardPage.<init>()
	at java.lang.Class.getConstructor0(Unknown Source)
	... 25 more
... Removed 16 stack frames]]>
    </failure>
  </testcase> <!-- loginvalid -->
  <testcase name="loginvalid" time="12.886" classname="MasterTest.LoginTest">
    <failure type="java.lang.RuntimeException" message="java.lang.InstantiationException: Master.DashboardPage">
      <![CDATA[java.lang.RuntimeException: java.lang.InstantiationException: Master.DashboardPage
	at Master.Pages.instantiatePage(Pages.java:41)
	at Master.Pages.initElements(Pages.java:19)
	at Master.Pages.Dashboard(Pages.java:70)
	at MasterTest.LoginTest.loginvalid(LoginTest.java:30)
	at java.util.concurrent.FutureTask.run(Unknown Source)
	at java.util.concurrent.ThreadPoolExecutor.runWorker(Unknown Source)
	at java.util.concurrent.ThreadPoolExecutor$Worker.run(Unknown Source)
	at java.lang.Thread.run(Unknown Source)
Caused by: java.lang.InstantiationException: Master.DashboardPage
	at java.lang.Class.newInstance(Unknown Source)
	at Master.Pages.instantiatePage(Pages.java:35)
	... 23 more
Caused by: java.lang.NoSuchMethodException: Master.DashboardPage.<init>()
	at java.lang.Class.getConstructor0(Unknown Source)
	... 25 more
... Removed 16 stack frames]]>
    </failure>
  </testcase> <!-- loginvalid -->
  <testcase name="loginvalid" time="13.019" classname="MasterTest.LoginTest">
    <failure type="java.lang.RuntimeException" message="java.lang.InstantiationException: Master.DashboardPage">
      <![CDATA[java.lang.RuntimeException: java.lang.InstantiationException: Master.DashboardPage
	at Master.Pages.instantiatePage(Pages.java:41)
	at Master.Pages.initElements(Pages.java:19)
	at Master.Pages.Dashboard(Pages.java:70)
	at MasterTest.LoginTest.loginvalid(LoginTest.java:30)
	at java.util.concurrent.FutureTask.run(Unknown Source)
	at java.util.concurrent.ThreadPoolExecutor.runWorker(Unknown Source)
	at java.util.concurrent.ThreadPoolExecutor$Worker.run(Unknown Source)
	at java.lang.Thread.run(Unknown Source)
Caused by: java.lang.InstantiationException: Master.DashboardPage
	at java.lang.Class.newInstance(Unknown Source)
	at Master.Pages.instantiatePage(Pages.java:35)
	... 23 more
Caused by: java.lang.NoSuchMethodException: Master.DashboardPage.<init>()
	at java.lang.Class.getConstructor0(Unknown Source)
	... 25 more
... Removed 16 stack frames]]>
    </failure>
  </testcase> <!-- loginvalid -->
  <testcase name="CarrierMasterAirNewTest" time="1.086" classname="MasterTest.CarrierMasterTest">
    <failure type="java.lang.RuntimeException" message="java.lang.InstantiationException: Master.CarrierMasterPage">
      <![CDATA[java.lang.RuntimeException: java.lang.InstantiationException: Master.CarrierMasterPage
	at Master.Pages.instantiatePage(Pages.java:41)
	at Master.Pages.initElements(Pages.java:19)
	at Master.Pages.CarrierMaster(Pages.java:75)
	at MasterTest.CarrierMasterTest.CarrierMasterAirNewTest(CarrierMasterTest.java:18)
	at java.util.concurrent.FutureTask.run(Unknown Source)
	at java.util.concurrent.ThreadPoolExecutor.runWorker(Unknown Source)
	at java.util.concurrent.ThreadPoolExecutor$Worker.run(Unknown Source)
	at java.lang.Thread.run(Unknown Source)
Caused by: java.lang.InstantiationException: Master.CarrierMasterPage
	at java.lang.Class.newInstance(Unknown Source)
	at Master.Pages.instantiatePage(Pages.java:35)
	... 23 more
Caused by: java.lang.NoSuchMethodException: Master.CarrierMasterPage.<init>()
	at java.lang.Class.getConstructor0(Unknown Source)
	... 25 more
... Removed 16 stack frames]]>
    </failure>
  </testcase> <!-- CarrierMasterAirNewTest -->
</testsuite> <!-- MasterTest -->
