<?xml version="1.0" encoding="UTF-8"?>
<!-- Generated by org.testng.reporters.JUnitXMLReporter -->
<testsuite hostname="HINMAA050077" name="nameOfTheTestFirefox49.0b10" tests="2" failures="0" timestamp="3 Oct 2016 06:31:16 GMT" time="83.318" errors="0">
  <testcase name="@BeforeTest init" time="0.0" classname="eSalesTest.QuotationTest2">
    <failure type="org.openqa.selenium.WebDriverException" message="Unable to connect to host 127.0.0.1 on port 7057 after 45000 ms. Firefox console output:
omepageURL&amp;quot;:null,&amp;quot;contributors&amp;quot;:[&amp;quot;Mozilla Contributors&amp;quot;]},&amp;quot;visible&amp;quot;:true,&amp;quot;active&amp;quot;:true,&amp;quot;userDisabled&amp;quot;:false,&amp;quot;appDisabled&amp;quot;:false,&amp;quot;descriptor&amp;quot;:&amp;quot;C:\\Program Files (x86)\\Mozilla FireFox49.0b10\\browser\\extensions\\{972ce4c6-7e08-4474-a285-3208198ce6fd}.xpi&amp;quot;,&amp;quot;installDate&amp;quot;:1472849038000,&amp;quot;updateDate&amp;quot;:1472849038000,&amp;quot;applyBackgroundUpdates&amp;quot;:1,&amp;quot;skinnable&amp;quot;:true,&amp;quot;size&amp;quot;:21899,&amp;quot;sourceURI&amp;quot;:null,&amp;quot;releaseNotesURI&amp;quot;:null,&amp;quot;softDisabled&amp;quot;:false,&amp;quot;foreignInstall&amp;quot;:false,&amp;quot;hasBinaryComponents&amp;quot;:false,&amp;quot;strictCompatibility&amp;quot;:true,&amp;quot;locales&amp;quot;:[],&amp;quot;targetApplications&amp;quot;:[{&amp;quot;id&amp;quot;:&amp;quot;{ec8030f7-c20a-464f-9b0e-13a3a9e97384}&amp;quot;,&amp;quot;minVersion&amp;quot;:&amp;quot;49.0&amp;quot;,&amp;quot;maxVersion&amp;quot;:&amp;quot;49.0&amp;quot;}],&amp;quot;targetPlatforms&amp;quot;:[],&amp;quot;seen&amp;quot;:true}
1475476247027	addons.xpi	DEBUG	getModTime: Recursive scan of {972ce4c6-7e08-4474-a285-3208198ce6fd}
1475476247029	DeferredSave.extensions.json	DEBUG	Save changes
1475476247029	addons.xpi	DEBUG	Updating database with changes to installed add-ons
1475476247029	addons.xpi-utils	DEBUG	Updating add-on states
1475476247031	addons.xpi-utils	DEBUG	Writing add-ons list
1475476247090	addons.xpi	DEBUG	Registering manifest for C:\Program Files (x86)\Mozilla FireFox49.0b10\browser\features\e10srollout@mozilla.org.xpi
1475476247091	addons.xpi	DEBUG	Calling bootstrap method startup on e10srollout@mozilla.org version 1.2
1475476247091	addons.xpi	DEBUG	Registering manifest for C:\Program Files (x86)\Mozilla FireFox49.0b10\browser\features\firefox@getpocket.com.xpi
1475476247092	addons.xpi	DEBUG	Calling bootstrap method startup on firefox@getpocket.com version 1.0.4
1475476247093	addons.xpi	DEBUG	Registering manifest for C:\Program Files (x86)\Mozilla FireFox49.0b10\browser\features\webcompat@mozilla.org.xpi
1475476247094	addons.xpi	DEBUG	Calling bootstrap method startup on webcompat@mozilla.org version 1.0
1475476247096	addons.manager	DEBUG	Registering shutdown blocker for XPIProvider
1475476247096	addons.manager	DEBUG	Provider finished startup: XPIProvider
1475476247096	addons.manager	DEBUG	Starting provider: LightweightThemeManager
1475476247097	addons.manager	DEBUG	Registering shutdown blocker for LightweightThemeManager
1475476247097	addons.manager	DEBUG	Provider finished startup: LightweightThemeManager
1475476247098	addons.manager	DEBUG	Starting provider: GMPProvider
1475476247192	addons.manager	DEBUG	Registering shutdown blocker for GMPProvider
1475476247193	addons.manager	DEBUG	Provider finished startup: GMPProvider
1475476247193	addons.manager	DEBUG	Starting provider: PluginProvider
1475476247193	addons.manager	DEBUG	Registering shutdown blocker for PluginProvider
1475476247194	addons.manager	DEBUG	Provider finished startup: PluginProvider
1475476247194	addons.manager	DEBUG	Completed startup sequence
1475476250980	addons.manager	DEBUG	Starting provider: &amp;lt;unnamed-provider&amp;gt;
1475476250981	addons.manager	DEBUG	Registering shutdown blocker for &amp;lt;unnamed-provider&amp;gt;
1475476250981	addons.manager	DEBUG	Provider finished startup: &amp;lt;unnamed-provider&amp;gt;
1475476250983	DeferredSave.extensions.json	DEBUG	Starting write
1475476254256	addons.repository	DEBUG	No addons.json found.
1475476254278	DeferredSave.addons.json	DEBUG	Save changes
1475476254297	DeferredSave.addons.json	DEBUG	Starting timer
1475476254857	addons.manager	DEBUG	Starting provider: PreviousExperimentProvider
1475476254858	addons.manager	DEBUG	Registering shutdown blocker for PreviousExperimentProvider
1475476254898	addons.manager	DEBUG	Provider finished startup: PreviousExperimentProvider
1475476254905	DeferredSave.addons.json	DEBUG	Starting write
1475476254906	DeferredSave.extensions.json	DEBUG	Write succeeded
1475476254909	addons.xpi-utils	DEBUG	XPI Database saved, setting schema version preference to 17
1475476255235	DeferredSave.addons.json	DEBUG	Write succeeded
[Child 3824] WARNING: pipe error: 109: file c:/builds/moz2_slave/m-beta-w32-0000000000000000000/build/src/ipc/chromium/src/chrome/common/ipc_channel_win.cc, line 346
[Child 3824] WARNING: pipe error: 109: file c:/builds/moz2_slave/m-beta-w32-0000000000000000000/build/src/ipc/chromium/src/chrome/common/ipc_channel_win.cc, line 346

Command duration or timeout: 80.66 seconds
Build info: version: &amp;apos;2.53.0&amp;apos;, revision: &amp;apos;35ae25b&amp;apos;, time: &amp;apos;2016-03-15 16:57:40&amp;apos;
System info: host: &amp;apos;HINMAA050077&amp;apos;, ip: &amp;apos;192.168.50.85&amp;apos;, os.name: &amp;apos;Windows 7&amp;apos;, os.arch: &amp;apos;amd64&amp;apos;, os.version: &amp;apos;6.1&amp;apos;, java.version: &amp;apos;1.8.0_101&amp;apos;
Driver info: org.openqa.selenium.remote.RemoteWebDriver">
      <![CDATA[org.openqa.selenium.WebDriverException: Unable to connect to host 127.0.0.1 on port 7057 after 45000 ms. Firefox console output:
omepageURL":null,"contributors":["Mozilla Contributors"]},"visible":true,"active":true,"userDisabled":false,"appDisabled":false,"descriptor":"C:\\Program Files (x86)\\Mozilla FireFox49.0b10\\browser\\extensions\\{972ce4c6-7e08-4474-a285-3208198ce6fd}.xpi","installDate":1472849038000,"updateDate":1472849038000,"applyBackgroundUpdates":1,"skinnable":true,"size":21899,"sourceURI":null,"releaseNotesURI":null,"softDisabled":false,"foreignInstall":false,"hasBinaryComponents":false,"strictCompatibility":true,"locales":[],"targetApplications":[{"id":"{ec8030f7-c20a-464f-9b0e-13a3a9e97384}","minVersion":"49.0","maxVersion":"49.0"}],"targetPlatforms":[],"seen":true}
1475476247027	addons.xpi	DEBUG	getModTime: Recursive scan of {972ce4c6-7e08-4474-a285-3208198ce6fd}
1475476247029	DeferredSave.extensions.json	DEBUG	Save changes
1475476247029	addons.xpi	DEBUG	Updating database with changes to installed add-ons
1475476247029	addons.xpi-utils	DEBUG	Updating add-on states
1475476247031	addons.xpi-utils	DEBUG	Writing add-ons list
1475476247090	addons.xpi	DEBUG	Registering manifest for C:\Program Files (x86)\Mozilla FireFox49.0b10\browser\features\e10srollout@mozilla.org.xpi
1475476247091	addons.xpi	DEBUG	Calling bootstrap method startup on e10srollout@mozilla.org version 1.2
1475476247091	addons.xpi	DEBUG	Registering manifest for C:\Program Files (x86)\Mozilla FireFox49.0b10\browser\features\firefox@getpocket.com.xpi
1475476247092	addons.xpi	DEBUG	Calling bootstrap method startup on firefox@getpocket.com version 1.0.4
1475476247093	addons.xpi	DEBUG	Registering manifest for C:\Program Files (x86)\Mozilla FireFox49.0b10\browser\features\webcompat@mozilla.org.xpi
1475476247094	addons.xpi	DEBUG	Calling bootstrap method startup on webcompat@mozilla.org version 1.0
1475476247096	addons.manager	DEBUG	Registering shutdown blocker for XPIProvider
1475476247096	addons.manager	DEBUG	Provider finished startup: XPIProvider
1475476247096	addons.manager	DEBUG	Starting provider: LightweightThemeManager
1475476247097	addons.manager	DEBUG	Registering shutdown blocker for LightweightThemeManager
1475476247097	addons.manager	DEBUG	Provider finished startup: LightweightThemeManager
1475476247098	addons.manager	DEBUG	Starting provider: GMPProvider
1475476247192	addons.manager	DEBUG	Registering shutdown blocker for GMPProvider
1475476247193	addons.manager	DEBUG	Provider finished startup: GMPProvider
1475476247193	addons.manager	DEBUG	Starting provider: PluginProvider
1475476247193	addons.manager	DEBUG	Registering shutdown blocker for PluginProvider
1475476247194	addons.manager	DEBUG	Provider finished startup: PluginProvider
1475476247194	addons.manager	DEBUG	Completed startup sequence
1475476250980	addons.manager	DEBUG	Starting provider: <unnamed-provider>
1475476250981	addons.manager	DEBUG	Registering shutdown blocker for <unnamed-provider>
1475476250981	addons.manager	DEBUG	Provider finished startup: <unnamed-provider>
1475476250983	DeferredSave.extensions.json	DEBUG	Starting write
1475476254256	addons.repository	DEBUG	No addons.json found.
1475476254278	DeferredSave.addons.json	DEBUG	Save changes
1475476254297	DeferredSave.addons.json	DEBUG	Starting timer
1475476254857	addons.manager	DEBUG	Starting provider: PreviousExperimentProvider
1475476254858	addons.manager	DEBUG	Registering shutdown blocker for PreviousExperimentProvider
1475476254898	addons.manager	DEBUG	Provider finished startup: PreviousExperimentProvider
1475476254905	DeferredSave.addons.json	DEBUG	Starting write
1475476254906	DeferredSave.extensions.json	DEBUG	Write succeeded
1475476254909	addons.xpi-utils	DEBUG	XPI Database saved, setting schema version preference to 17
1475476255235	DeferredSave.addons.json	DEBUG	Write succeeded
[Child 3824] WARNING: pipe error: 109: file c:/builds/moz2_slave/m-beta-w32-0000000000000000000/build/src/ipc/chromium/src/chrome/common/ipc_channel_win.cc, line 346
[Child 3824] WARNING: pipe error: 109: file c:/builds/moz2_slave/m-beta-w32-0000000000000000000/build/src/ipc/chromium/src/chrome/common/ipc_channel_win.cc, line 346

Command duration or timeout: 80.66 seconds
Build info: version: '2.53.0', revision: '35ae25b', time: '2016-03-15 16:57:40'
System info: host: 'HINMAA050077', ip: '192.168.50.85', os.name: 'Windows 7', os.arch: 'amd64', os.version: '6.1', java.version: '1.8.0_101'
Driver info: org.openqa.selenium.remote.RemoteWebDriver
	at org.openqa.selenium.remote.ErrorHandler.createThrowable(ErrorHandler.java:206)
	at org.openqa.selenium.remote.ErrorHandler.throwIfResponseFailed(ErrorHandler.java:158)
	at org.openqa.selenium.remote.RemoteWebDriver.execute(RemoteWebDriver.java:678)
	at org.openqa.selenium.remote.RemoteWebDriver.startSession(RemoteWebDriver.java:249)
	at org.openqa.selenium.remote.RemoteWebDriver.<init>(RemoteWebDriver.java:131)
	at org.openqa.selenium.remote.RemoteWebDriver.<init>(RemoteWebDriver.java:158)
	at MasterTest.Testbase$1.initialValue(Testbase.java:186)
	at MasterTest.Testbase$1.initialValue(Testbase.java:1)
	at java.lang.ThreadLocal.setInitialValue(Unknown Source)
	at java.lang.ThreadLocal.get(Unknown Source)
	at MasterTest.Testbase.getDriver(Testbase.java:114)
	at MasterTest.Testbase.init(Testbase.java:310)
	at java.util.concurrent.FutureTask.run(Unknown Source)
	at java.util.concurrent.ThreadPoolExecutor.runWorker(Unknown Source)
	at java.util.concurrent.ThreadPoolExecutor$Worker.run(Unknown Source)
	at java.lang.Thread.run(Unknown Source)
Caused by: org.openqa.selenium.remote.ErrorHandler$UnknownServerException: Unable to connect to host 127.0.0.1 on port 7057 after 45000 ms. Firefox console output:
omepageURL":null,"contributors":["Mozilla Contributors"]},"visible":true,"active":true,"userDisabled":false,"appDisabled":false,"descriptor":"C:\\Program Files (x86)\\Mozilla FireFox49.0b10\\browser\\extensions\\{972ce4c6-7e08-4474-a285-3208198ce6fd}.xpi","installDate":1472849038000,"updateDate":1472849038000,"applyBackgroundUpdates":1,"skinnable":true,"size":21899,"sourceURI":null,"releaseNotesURI":null,"softDisabled":false,"foreignInstall":false,"hasBinaryComponents":false,"strictCompatibility":true,"locales":[],"targetApplications":[{"id":"{ec8030f7-c20a-464f-9b0e-13a3a9e97384}","minVersion":"49.0","maxVersion":"49.0"}],"targetPlatforms":[],"seen":true}
1475476247027	addons.xpi	DEBUG	getModTime: Recursive scan of {972ce4c6-7e08-4474-a285-3208198ce6fd}
1475476247029	DeferredSave.extensions.json	DEBUG	Save changes
1475476247029	addons.xpi	DEBUG	Updating database with changes to installed add-ons
1475476247029	addons.xpi-utils	DEBUG	Updating add-on states
1475476247031	addons.xpi-utils	DEBUG	Writing add-ons list
1475476247090	addons.xpi	DEBUG	Registering manifest for C:\Program Files (x86)\Mozilla FireFox49.0b10\browser\features\e10srollout@mozilla.org.xpi
1475476247091	addons.xpi	DEBUG	Calling bootstrap method startup on e10srollout@mozilla.org version 1.2
1475476247091	addons.xpi	DEBUG	Registering manifest for C:\Program Files (x86)\Mozilla FireFox49.0b10\browser\features\firefox@getpocket.com.xpi
1475476247092	addons.xpi	DEBUG	Calling bootstrap method startup on firefox@getpocket.com version 1.0.4
1475476247093	addons.xpi	DEBUG	Registering manifest for C:\Program Files (x86)\Mozilla FireFox49.0b10\browser\features\webcompat@mozilla.org.xpi
1475476247094	addons.xpi	DEBUG	Calling bootstrap method startup on webcompat@mozilla.org version 1.0
1475476247096	addons.manager	DEBUG	Registering shutdown blocker for XPIProvider
1475476247096	addons.manager	DEBUG	Provider finished startup: XPIProvider
1475476247096	addons.manager	DEBUG	Starting provider: LightweightThemeManager
1475476247097	addons.manager	DEBUG	Registering shutdown blocker for LightweightThemeManager
1475476247097	addons.manager	DEBUG	Provider finished startup: LightweightThemeManager
1475476247098	addons.manager	DEBUG	Starting provider: GMPProvider
1475476247192	addons.manager	DEBUG	Registering shutdown blocker for GMPProvider
1475476247193	addons.manager	DEBUG	Provider finished startup: GMPProvider
1475476247193	addons.manager	DEBUG	Starting provider: PluginProvider
1475476247193	addons.manager	DEBUG	Registering shutdown blocker for PluginProvider
1475476247194	addons.manager	DEBUG	Provider finished startup: PluginProvider
1475476247194	addons.manager	DEBUG	Completed startup sequence
1475476250980	addons.manager	DEBUG	Starting provider: <unnamed-provider>
1475476250981	addons.manager	DEBUG	Registering shutdown blocker for <unnamed-provider>
1475476250981	addons.manager	DEBUG	Provider finished startup: <unnamed-provider>
1475476250983	DeferredSave.extensions.json	DEBUG	Starting write
1475476254256	addons.repository	DEBUG	No addons.json found.
1475476254278	DeferredSave.addons.json	DEBUG	Save changes
1475476254297	DeferredSave.addons.json	DEBUG	Starting timer
1475476254857	addons.manager	DEBUG	Starting provider: PreviousExperimentProvider
1475476254858	addons.manager	DEBUG	Registering shutdown blocker for PreviousExperimentProvider
1475476254898	addons.manager	DEBUG	Provider finished startup: PreviousExperimentProvider
1475476254905	DeferredSave.addons.json	DEBUG	Starting write
1475476254906	DeferredSave.extensions.json	DEBUG	Write succeeded
1475476254909	addons.xpi-utils	DEBUG	XPI Database saved, setting schema version preference to 17
1475476255235	DeferredSave.addons.json	DEBUG	Write succeeded
[Child 3824] WARNING: pipe error: 109: file c:/builds/moz2_slave/m-beta-w32-0000000000000000000/build/src/ipc/chromium/src/chrome/common/ipc_channel_win.cc, line 346
[Child 3824] WARNING: pipe error: 109: file c:/builds/moz2_slave/m-beta-w32-0000000000000000000/build/src/ipc/chromium/src/chrome/common/ipc_channel_win.cc, line 346

Build info: version: '2.53.0', revision: '35ae25b', time: '2016-03-15 16:57:40'
System info: host: 'HINMAA050077', ip: '192.168.50.85', os.name: 'Windows 7', os.arch: 'amd64', os.version: '6.1', java.version: '1.8.0_101'
Driver info: driver.version: FirefoxDriver
	at org.openqa.selenium.firefox.internal.NewProfileExtensionConnection.start(NewProfileExtensionConnection.java:112)
	at org.openqa.selenium.firefox.FirefoxDriver.startClient(FirefoxDriver.java:271)
	at org.openqa.selenium.remote.RemoteWebDriver.<init>(RemoteWebDriver.java:119)
	at org.openqa.selenium.firefox.FirefoxDriver.<init>(FirefoxDriver.java:218)
	at org.openqa.selenium.firefox.FirefoxDriver.<init>(FirefoxDriver.java:211)
	at org.openqa.selenium.firefox.FirefoxDriver.<init>(FirefoxDriver.java:129)
	at org.openqa.selenium.remote.server.FirefoxDriverProvider.callConstructor(FirefoxDriverProvider.java:91)
	at org.openqa.selenium.remote.server.FirefoxDriverProvider.newInstance(FirefoxDriverProvider.java:68)
	at org.openqa.selenium.remote.server.DefaultDriverFactory.newInstance(DefaultDriverFactory.java:60)
	at org.openqa.selenium.remote.server.DefaultSession$BrowserCreator.call(DefaultSession.java:222)
	at org.openqa.selenium.remote.server.DefaultSession$BrowserCreator.call(DefaultSession.java:1)
	at java.util.concurrent.FutureTask.run(Unknown Source)
	at org.openqa.selenium.remote.server.DefaultSession$1.run(DefaultSession.java:176)
	... 3 more
... Removed 22 stack frames]]>
    </failure>
  </testcase> <!-- @BeforeTest init -->
  <testcase name="@BeforeMethod beforemethod" time="0.0" classname="eSalesTest.QuotationTest2">
    <skipped/>
  </testcase> <!-- @BeforeMethod beforemethod -->
  <testcase name="@AfterMethod aftermethod" time="0.0" classname="eSalesTest.QuotationTest2">
    <skipped/>
  </testcase> <!-- @AfterMethod aftermethod -->
  <testcase name="@AfterTest close" time="0.0" classname="eSalesTest.QuotationTest2">
    <skipped/>
  </testcase> <!-- @AfterTest close -->
  <testcase name="CanCreateParty" time="2.025" classname="eSalesTest.QuotationTest2">
    <skipped/>
  </testcase> <!-- CanCreateParty -->
  <testcase name="IsQuotePartySelectedFromPartyMaster" time="0.0" classname="eSalesTest.QuotationTest2">
    <skipped/>
  </testcase> <!-- IsQuotePartySelectedFromPartyMaster -->
</testsuite> <!-- nameOfTheTestFirefox49.0b10 -->
