<?xml version="1.0" encoding="UTF-8"?>
<!-- Generated by org.testng.reporters.JUnitXMLReporter -->
<testsuite hostname="HINMAA050077" name="nameOfTheTestFirefox49.0" tests="2" failures="2" timestamp="29 Sep 2016 11:34:39 GMT" time="42.811" errors="0">
  <testcase name="@AfterTest close" time="0.0" classname="eSalesTest.QuotationTest2">
    <failure type="java.lang.NullPointerException">
      <![CDATA[java.lang.NullPointerException
	at testUtills.Utills.RLog(Utills.java:330)
	at MasterTest.Testbase.close(Testbase.java:291)
	at java.util.concurrent.FutureTask.run(Unknown Source)
	at java.util.concurrent.ThreadPoolExecutor.runWorker(Unknown Source)
	at java.util.concurrent.ThreadPoolExecutor$Worker.run(Unknown Source)
	at java.lang.Thread.run(Unknown Source)
... Removed 14 stack frames]]>
    </failure>
  </testcase> <!-- @AfterTest close -->
  <testcase name="CanCreateParty" time="0.042" classname="eSalesTest.QuotationTest2">
    <failure type="java.lang.NullPointerException">
      <![CDATA[java.lang.NullPointerException
	at eSalesTest.QuotationTest2.CanCreateParty(QuotationTest2.java:33)
	at java.util.concurrent.FutureTask.run(Unknown Source)
	at java.util.concurrent.ThreadPoolExecutor.runWorker(Unknown Source)
	at java.util.concurrent.ThreadPoolExecutor$Worker.run(Unknown Source)
	at java.lang.Thread.run(Unknown Source)
... Removed 16 stack frames]]>
    </failure>
  </testcase> <!-- CanCreateParty -->
  <testcase name="CanCreateHiddenParty" time="0.08" classname="eSalesTest.QuotationTest2">
    <failure type="java.lang.NullPointerException">
      <![CDATA[java.lang.NullPointerException
	at eSalesTest.QuotationTest2.CanCreateHiddenParty(QuotationTest2.java:92)
	at java.util.concurrent.FutureTask.run(Unknown Source)
	at java.util.concurrent.ThreadPoolExecutor.runWorker(Unknown Source)
	at java.util.concurrent.ThreadPoolExecutor$Worker.run(Unknown Source)
	at java.lang.Thread.run(Unknown Source)
... Removed 16 stack frames]]>
    </failure>
  </testcase> <!-- CanCreateHiddenParty -->
</testsuite> <!-- nameOfTheTestFirefox49.0 -->
