<?xml version="1.0" encoding="UTF-8"?>
<!-- Generated by org.testng.reporters.JUnitXMLReporter -->
<testsuite hostname="HINMAA050077" name="QotationTest" tests="2" failures="0" timestamp="21 Aug 2016 09:44:18 GMT" time="0.018" errors="0">
  <testcase name="@BeforeTest init" time="0.0" classname="eSalesTest.QuotationTest">
    <skipped/>
  </testcase> <!-- @BeforeTest init -->
  <testcase name="@AfterMethod CaptureSession" time="0.0" classname="eSalesTest.QuotationTest">
    <failure type="java.lang.NullPointerException">
      <![CDATA[java.lang.NullPointerException
	at MasterTest.Testbase.CaptureSession(Testbase.java:127)
... Removed 26 stack frames]]>
    </failure>
  </testcase> <!-- @AfterMethod CaptureSession -->
  <testcase name="@AfterMethod CaptureSession" time="0.0" classname="eSalesTest.QuotationTest">
    <failure type="java.lang.NullPointerException">
      <![CDATA[java.lang.NullPointerException
	at MasterTest.Testbase.CaptureSession(Testbase.java:127)
... Removed 26 stack frames]]>
    </failure>
  </testcase> <!-- @AfterMethod CaptureSession -->
  <testcase name="@AfterTest close" time="0.0" classname="eSalesTest.QuotationTest">
    <skipped/>
  </testcase> <!-- @AfterTest close -->
  <testcase name="CancreateQuotationmuruga" time="0.002" classname="eSalesTest.QuotationTest">
    <skipped/>
  </testcase> <!-- CancreateQuotationmuruga -->
  <testcase name="Can" time="0.001" classname="eSalesTest.QuotationTest">
    <skipped/>
  </testcase> <!-- Can -->
</testsuite> <!-- QotationTest -->
