<?xml version="1.0" encoding="UTF-8"?>
<!-- Generated by org.testng.reporters.JUnitXMLReporter -->
<testsuite hostname="HINMAA050077" name="RAGU-Windows-FF-41.0.2" tests="1" failures="0" timestamp="1 Dec 2016 18:13:50 GMT" time="59.115" errors="0">
  <testcase name="@BeforeMethod beforemethod" time="0.0" classname="eSalesTest.QuotationTest">
    <failure type="java.lang.NullPointerException">
      <![CDATA[java.lang.NullPointerException
	at MasterTest.Testbase.beforemethod(Testbase.java:498)
	at java.util.concurrent.FutureTask.run(Unknown Source)
	at java.util.concurrent.ThreadPoolExecutor.runWorker(Unknown Source)
	at java.util.concurrent.ThreadPoolExecutor$Worker.run(Unknown Source)
	at java.lang.Thread.run(Unknown Source)
... Removed 18 stack frames]]>
    </failure>
  </testcase> <!-- @BeforeMethod beforemethod -->
  <testcase name="@AfterMethod aftermethod" time="0.0" classname="eSalesTest.QuotationTest">
    <skipped/>
  </testcase> <!-- @AfterMethod aftermethod -->
  <testcase name="@AfterTest AfterTestclose" time="0.0" classname="eSalesTest.QuotationTest">
    <skipped/>
  </testcase> <!-- @AfterTest AfterTestclose -->
  <testcase name="CanCreateParty" time="1.334" classname="eSalesTest.QuotationTest">
    <skipped/>
  </testcase> <!-- CanCreateParty -->
</testsuite> <!-- RAGU-Windows-FF-41.0.2 -->
