<?xml version="1.0" encoding="UTF-8"?>
<!-- Generated by org.testng.reporters.JUnitXMLReporter -->
<testsuite hostname="HINMAA050077" name="RAGU- WINDOWS- Chrome : 53.0.2785.101" tests="3" failures="1" timestamp="1 Dec 2016 18:37:25 GMT" time="297.394" errors="0">
  <testcase name="@AfterTest AfterTestclose" time="0.0" classname="eSalesTest.QuotationTest">
    <failure type="java.lang.NullPointerException">
      <![CDATA[java.lang.NullPointerException
	at MasterTest.Testbase.AfterTestclose(Testbase.java:535)
	at java.util.concurrent.FutureTask.run(Unknown Source)
	at java.util.concurrent.ThreadPoolExecutor.runWorker(Unknown Source)
	at java.util.concurrent.ThreadPoolExecutor$Worker.run(Unknown Source)
	at java.lang.Thread.run(Unknown Source)
... Removed 14 stack frames]]>
    </failure>
  </testcase> <!-- @AfterTest AfterTestclose -->
  <testcase name="CanCreateParty" time="273.064" classname="eSalesTest.QuotationTest">
    <failure type="java.lang.NullPointerException">
      <![CDATA[java.lang.NullPointerException
	at java.lang.String.<init>(Unknown Source)
	at testUtills.Utills.GetStringFromSentence(Utills.java:280)
	at testUtills.Utills.GetCodefromMessage(Utills.java:307)
	at Master.PartyMasterPage.RegisterNewParty(PartyMasterPage.java:484)
	at eSalesTest.QuotationTest.CanCreateParty(QuotationTest.java:36)
	at java.util.concurrent.FutureTask.run(Unknown Source)
	at java.util.concurrent.ThreadPoolExecutor.runWorker(Unknown Source)
	at java.util.concurrent.ThreadPoolExecutor$Worker.run(Unknown Source)
	at java.lang.Thread.run(Unknown Source)
... Removed 16 stack frames]]>
    </failure>
  </testcase> <!-- CanCreateParty -->
  <testcase name="IsQuotePartySelectedFromPartyMaster" time="0.0" classname="eSalesTest.QuotationTest">
    <skipped/>
  </testcase> <!-- IsQuotePartySelectedFromPartyMaster -->
  <testcase name="IsQuoteRestrictedToSaveWithoutParty" time="0.0" classname="eSalesTest.QuotationTest">
    <skipped/>
  </testcase> <!-- IsQuoteRestrictedToSaveWithoutParty -->
</testsuite> <!-- RAGU- WINDOWS- Chrome : 53.0.2785.101 -->
