<?xml version="1.0" encoding="UTF-8"?>
<!-- Generated by org.testng.reporters.JUnitXMLReporter -->
<testsuite hostname="HINMAA050077" name="Windows-ARUL-FF-50.0" tests="1" failures="0" timestamp="23 Nov 2016 06:18:00 GMT" time="51.075" errors="0">
  <testcase name="@BeforeTest init" time="0.0" classname="eSalesTest.QuotationTest2">
    <failure type="org.openqa.selenium.WebDriverException" message="Unable to connect to host 127.0.0.1 on port 7055 after 45000 ms. Firefox console output:
l,&amp;quot;updateKey&amp;quot;:null,&amp;quot;optionsURL&amp;quot;:null,&amp;quot;optionsType&amp;quot;:null,&amp;quot;aboutURL&amp;quot;:null,&amp;quot;icons&amp;quot;:{},&amp;quot;iconURL&amp;quot;:&amp;quot;chrome://sp/content/common/skin/img/logo-safeprice-48.png&amp;quot;,&amp;quot;icon64URL&amp;quot;:null,&amp;quot;defaultLocale&amp;quot;:{&amp;quot;name&amp;quot;:&amp;quot;Avast SafePrice&amp;quot;,&amp;quot;description&amp;quot;:&amp;quot;Safe shopping extension&amp;quot;,&amp;quot;creator&amp;quot;:&amp;quot;AVAST Software&amp;quot;,&amp;quot;homepageURL&amp;quot;:&amp;quot;http://www.avast.com/&amp;quot;},&amp;quot;visible&amp;quot;:true,&amp;quot;active&amp;quot;:false,&amp;quot;userDisabled&amp;quot;:true,&amp;quot;appDisabled&amp;quot;:false,&amp;quot;descriptor&amp;quot;:&amp;quot;C:\\Program Files\\AVAST Software\\Avast\\SafePrice\\FF&amp;quot;,&amp;quot;installDate&amp;quot;:1472531962539,&amp;quot;updateDate&amp;quot;:1472531962539,&amp;quot;applyBackgroundUpdates&amp;quot;:1,&amp;quot;bootstrap&amp;quot;:true,&amp;quot;skinnable&amp;quot;:false,&amp;quot;size&amp;quot;:1877359,&amp;quot;sourceURI&amp;quot;:null,&amp;quot;releaseNotesURI&amp;quot;:null,&amp;quot;softDisabled&amp;quot;:false,&amp;quot;foreignInstall&amp;quot;:true,&amp;quot;hasBinaryComponents&amp;quot;:false,&amp;quot;strictCompatibility&amp;quot;:false,&amp;quot;locales&amp;quot;:[],&amp;quot;targetApplications&amp;quot;:[{&amp;quot;id&amp;quot;:&amp;quot;{ec8030f7-c20a-464f-9b0e-13a3a9e97384}&amp;quot;,&amp;quot;minVersion&amp;quot;:&amp;quot;38.0a1&amp;quot;,&amp;quot;maxVersion&amp;quot;:&amp;quot;43.0&amp;quot;}],&amp;quot;targetPlatforms&amp;quot;:[],&amp;quot;multiprocessCompatible&amp;quot;:false,&amp;quot;signedState&amp;quot;:2,&amp;quot;seen&amp;quot;:true}
1479881826452	DeferredSave.extensions.json	DEBUG	Save changes
1479881826453	addons.xpi	DEBUG	Updating database with changes to installed add-ons
1479881826453	addons.xpi-utils	DEBUG	Updating add-on states
1479881826456	addons.xpi-utils	DEBUG	Writing add-ons list
1479881826463	addons.xpi	DEBUG	Registering manifest for C:\Program Files\Mozilla Firefox\browser\features\aushelper@mozilla.org.xpi
1479881826464	addons.xpi	DEBUG	Calling bootstrap method startup on aushelper@mozilla.org version 1.0
1479881826466	addons.xpi	DEBUG	Registering manifest for C:\Program Files\Mozilla Firefox\browser\features\e10srollout@mozilla.org.xpi
1479881826468	addons.xpi	DEBUG	Calling bootstrap method startup on e10srollout@mozilla.org version 1.5
1479881826468	addons.xpi	DEBUG	Registering manifest for C:\Program Files\Mozilla Firefox\browser\features\firefox@getpocket.com.xpi
1479881826469	addons.xpi	DEBUG	Calling bootstrap method startup on firefox@getpocket.com version 1.0.5
1479881826470	addons.xpi	DEBUG	Registering manifest for C:\Program Files\Mozilla Firefox\browser\features\webcompat@mozilla.org.xpi
1479881826471	addons.xpi	DEBUG	Calling bootstrap method startup on webcompat@mozilla.org version 1.0
1479881826475	addons.manager	DEBUG	Registering shutdown blocker for XPIProvider
1479881826475	addons.manager	DEBUG	Provider finished startup: XPIProvider
1479881826475	addons.manager	DEBUG	Starting provider: LightweightThemeManager
1479881826475	addons.manager	DEBUG	Registering shutdown blocker for LightweightThemeManager
1479881826475	addons.manager	DEBUG	Provider finished startup: LightweightThemeManager
1479881826476	addons.manager	DEBUG	Starting provider: GMPProvider
1479881826492	addons.manager	DEBUG	Registering shutdown blocker for GMPProvider
1479881826492	addons.manager	DEBUG	Provider finished startup: GMPProvider
1479881826492	addons.manager	DEBUG	Starting provider: PluginProvider
1479881826492	addons.manager	DEBUG	Registering shutdown blocker for PluginProvider
1479881826493	addons.manager	DEBUG	Provider finished startup: PluginProvider
1479881826493	addons.manager	DEBUG	Completed startup sequence
1479881828030	DeferredSave.extensions.json	DEBUG	Starting timer
1479881828054	addons.manager	DEBUG	Starting provider: &amp;lt;unnamed-provider&amp;gt;
1479881828054	addons.manager	DEBUG	Registering shutdown blocker for &amp;lt;unnamed-provider&amp;gt;
1479881828054	addons.manager	DEBUG	Provider finished startup: &amp;lt;unnamed-provider&amp;gt;
1479881828106	DeferredSave.extensions.json	DEBUG	Starting write
1479881828291	addons.repository	DEBUG	No addons.json found.
1479881828292	DeferredSave.addons.json	DEBUG	Save changes
1479881828298	DeferredSave.addons.json	DEBUG	Starting timer
1479881828375	addons.manager	DEBUG	Starting provider: PreviousExperimentProvider
1479881828376	addons.manager	DEBUG	Registering shutdown blocker for PreviousExperimentProvider
1479881828376	addons.manager	DEBUG	Provider finished startup: PreviousExperimentProvider
1479881828405	DeferredSave.addons.json	DEBUG	Starting write
1479881828410	DeferredSave.extensions.json	DEBUG	Write succeeded
1479881828486	DeferredSave.addons.json	DEBUG	Write succeeded

Command duration or timeout: 48.51 seconds
Build info: version: &amp;apos;2.53.0&amp;apos;, revision: &amp;apos;35ae25b&amp;apos;, time: &amp;apos;2016-03-15 16:57:40&amp;apos;
System info: host: &amp;apos;HINMAA050077&amp;apos;, ip: &amp;apos;192.168.50.85&amp;apos;, os.name: &amp;apos;Windows 7&amp;apos;, os.arch: &amp;apos;amd64&amp;apos;, os.version: &amp;apos;6.1&amp;apos;, java.version: &amp;apos;1.8.0_101&amp;apos;
Driver info: org.openqa.selenium.remote.RemoteWebDriver">
      <![CDATA[org.openqa.selenium.WebDriverException: Unable to connect to host 127.0.0.1 on port 7055 after 45000 ms. Firefox console output:
l,"updateKey":null,"optionsURL":null,"optionsType":null,"aboutURL":null,"icons":{},"iconURL":"chrome://sp/content/common/skin/img/logo-safeprice-48.png","icon64URL":null,"defaultLocale":{"name":"Avast SafePrice","description":"Safe shopping extension","creator":"AVAST Software","homepageURL":"http://www.avast.com/"},"visible":true,"active":false,"userDisabled":true,"appDisabled":false,"descriptor":"C:\\Program Files\\AVAST Software\\Avast\\SafePrice\\FF","installDate":1472531962539,"updateDate":1472531962539,"applyBackgroundUpdates":1,"bootstrap":true,"skinnable":false,"size":1877359,"sourceURI":null,"releaseNotesURI":null,"softDisabled":false,"foreignInstall":true,"hasBinaryComponents":false,"strictCompatibility":false,"locales":[],"targetApplications":[{"id":"{ec8030f7-c20a-464f-9b0e-13a3a9e97384}","minVersion":"38.0a1","maxVersion":"43.0"}],"targetPlatforms":[],"multiprocessCompatible":false,"signedState":2,"seen":true}
1479881826452	DeferredSave.extensions.json	DEBUG	Save changes
1479881826453	addons.xpi	DEBUG	Updating database with changes to installed add-ons
1479881826453	addons.xpi-utils	DEBUG	Updating add-on states
1479881826456	addons.xpi-utils	DEBUG	Writing add-ons list
1479881826463	addons.xpi	DEBUG	Registering manifest for C:\Program Files\Mozilla Firefox\browser\features\aushelper@mozilla.org.xpi
1479881826464	addons.xpi	DEBUG	Calling bootstrap method startup on aushelper@mozilla.org version 1.0
1479881826466	addons.xpi	DEBUG	Registering manifest for C:\Program Files\Mozilla Firefox\browser\features\e10srollout@mozilla.org.xpi
1479881826468	addons.xpi	DEBUG	Calling bootstrap method startup on e10srollout@mozilla.org version 1.5
1479881826468	addons.xpi	DEBUG	Registering manifest for C:\Program Files\Mozilla Firefox\browser\features\firefox@getpocket.com.xpi
1479881826469	addons.xpi	DEBUG	Calling bootstrap method startup on firefox@getpocket.com version 1.0.5
1479881826470	addons.xpi	DEBUG	Registering manifest for C:\Program Files\Mozilla Firefox\browser\features\webcompat@mozilla.org.xpi
1479881826471	addons.xpi	DEBUG	Calling bootstrap method startup on webcompat@mozilla.org version 1.0
1479881826475	addons.manager	DEBUG	Registering shutdown blocker for XPIProvider
1479881826475	addons.manager	DEBUG	Provider finished startup: XPIProvider
1479881826475	addons.manager	DEBUG	Starting provider: LightweightThemeManager
1479881826475	addons.manager	DEBUG	Registering shutdown blocker for LightweightThemeManager
1479881826475	addons.manager	DEBUG	Provider finished startup: LightweightThemeManager
1479881826476	addons.manager	DEBUG	Starting provider: GMPProvider
1479881826492	addons.manager	DEBUG	Registering shutdown blocker for GMPProvider
1479881826492	addons.manager	DEBUG	Provider finished startup: GMPProvider
1479881826492	addons.manager	DEBUG	Starting provider: PluginProvider
1479881826492	addons.manager	DEBUG	Registering shutdown blocker for PluginProvider
1479881826493	addons.manager	DEBUG	Provider finished startup: PluginProvider
1479881826493	addons.manager	DEBUG	Completed startup sequence
1479881828030	DeferredSave.extensions.json	DEBUG	Starting timer
1479881828054	addons.manager	DEBUG	Starting provider: <unnamed-provider>
1479881828054	addons.manager	DEBUG	Registering shutdown blocker for <unnamed-provider>
1479881828054	addons.manager	DEBUG	Provider finished startup: <unnamed-provider>
1479881828106	DeferredSave.extensions.json	DEBUG	Starting write
1479881828291	addons.repository	DEBUG	No addons.json found.
1479881828292	DeferredSave.addons.json	DEBUG	Save changes
1479881828298	DeferredSave.addons.json	DEBUG	Starting timer
1479881828375	addons.manager	DEBUG	Starting provider: PreviousExperimentProvider
1479881828376	addons.manager	DEBUG	Registering shutdown blocker for PreviousExperimentProvider
1479881828376	addons.manager	DEBUG	Provider finished startup: PreviousExperimentProvider
1479881828405	DeferredSave.addons.json	DEBUG	Starting write
1479881828410	DeferredSave.extensions.json	DEBUG	Write succeeded
1479881828486	DeferredSave.addons.json	DEBUG	Write succeeded

Command duration or timeout: 48.51 seconds
Build info: version: '2.53.0', revision: '35ae25b', time: '2016-03-15 16:57:40'
System info: host: 'HINMAA050077', ip: '192.168.50.85', os.name: 'Windows 7', os.arch: 'amd64', os.version: '6.1', java.version: '1.8.0_101'
Driver info: org.openqa.selenium.remote.RemoteWebDriver
	at org.openqa.selenium.remote.ErrorHandler.createThrowable(ErrorHandler.java:206)
	at org.openqa.selenium.remote.ErrorHandler.throwIfResponseFailed(ErrorHandler.java:158)
	at org.openqa.selenium.remote.RemoteWebDriver.execute(RemoteWebDriver.java:678)
	at org.openqa.selenium.remote.RemoteWebDriver.startSession(RemoteWebDriver.java:249)
	at org.openqa.selenium.remote.RemoteWebDriver.<init>(RemoteWebDriver.java:131)
	at org.openqa.selenium.remote.RemoteWebDriver.<init>(RemoteWebDriver.java:158)
	at MasterTest.Testbase$1.initialValue(Testbase.java:225)
	at MasterTest.Testbase$1.initialValue(Testbase.java:138)
	at java.lang.ThreadLocal.setInitialValue(Unknown Source)
	at java.lang.ThreadLocal.get(Unknown Source)
	at MasterTest.Testbase.getDriver(Testbase.java:127)
	at MasterTest.Testbase.init(Testbase.java:387)
	at java.util.concurrent.FutureTask.run(Unknown Source)
	at java.util.concurrent.ThreadPoolExecutor.runWorker(Unknown Source)
	at java.util.concurrent.ThreadPoolExecutor$Worker.run(Unknown Source)
	at java.lang.Thread.run(Unknown Source)
Caused by: org.openqa.selenium.remote.ErrorHandler$UnknownServerException: Unable to connect to host 127.0.0.1 on port 7055 after 45000 ms. Firefox console output:
l,"updateKey":null,"optionsURL":null,"optionsType":null,"aboutURL":null,"icons":{},"iconURL":"chrome://sp/content/common/skin/img/logo-safeprice-48.png","icon64URL":null,"defaultLocale":{"name":"Avast SafePrice","description":"Safe shopping extension","creator":"AVAST Software","homepageURL":"http://www.avast.com/"},"visible":true,"active":false,"userDisabled":true,"appDisabled":false,"descriptor":"C:\\Program Files\\AVAST Software\\Avast\\SafePrice\\FF","installDate":1472531962539,"updateDate":1472531962539,"applyBackgroundUpdates":1,"bootstrap":true,"skinnable":false,"size":1877359,"sourceURI":null,"releaseNotesURI":null,"softDisabled":false,"foreignInstall":true,"hasBinaryComponents":false,"strictCompatibility":false,"locales":[],"targetApplications":[{"id":"{ec8030f7-c20a-464f-9b0e-13a3a9e97384}","minVersion":"38.0a1","maxVersion":"43.0"}],"targetPlatforms":[],"multiprocessCompatible":false,"signedState":2,"seen":true}
1479881826452	DeferredSave.extensions.json	DEBUG	Save changes
1479881826453	addons.xpi	DEBUG	Updating database with changes to installed add-ons
1479881826453	addons.xpi-utils	DEBUG	Updating add-on states
1479881826456	addons.xpi-utils	DEBUG	Writing add-ons list
1479881826463	addons.xpi	DEBUG	Registering manifest for C:\Program Files\Mozilla Firefox\browser\features\aushelper@mozilla.org.xpi
1479881826464	addons.xpi	DEBUG	Calling bootstrap method startup on aushelper@mozilla.org version 1.0
1479881826466	addons.xpi	DEBUG	Registering manifest for C:\Program Files\Mozilla Firefox\browser\features\e10srollout@mozilla.org.xpi
1479881826468	addons.xpi	DEBUG	Calling bootstrap method startup on e10srollout@mozilla.org version 1.5
1479881826468	addons.xpi	DEBUG	Registering manifest for C:\Program Files\Mozilla Firefox\browser\features\firefox@getpocket.com.xpi
1479881826469	addons.xpi	DEBUG	Calling bootstrap method startup on firefox@getpocket.com version 1.0.5
1479881826470	addons.xpi	DEBUG	Registering manifest for C:\Program Files\Mozilla Firefox\browser\features\webcompat@mozilla.org.xpi
1479881826471	addons.xpi	DEBUG	Calling bootstrap method startup on webcompat@mozilla.org version 1.0
1479881826475	addons.manager	DEBUG	Registering shutdown blocker for XPIProvider
1479881826475	addons.manager	DEBUG	Provider finished startup: XPIProvider
1479881826475	addons.manager	DEBUG	Starting provider: LightweightThemeManager
1479881826475	addons.manager	DEBUG	Registering shutdown blocker for LightweightThemeManager
1479881826475	addons.manager	DEBUG	Provider finished startup: LightweightThemeManager
1479881826476	addons.manager	DEBUG	Starting provider: GMPProvider
1479881826492	addons.manager	DEBUG	Registering shutdown blocker for GMPProvider
1479881826492	addons.manager	DEBUG	Provider finished startup: GMPProvider
1479881826492	addons.manager	DEBUG	Starting provider: PluginProvider
1479881826492	addons.manager	DEBUG	Registering shutdown blocker for PluginProvider
1479881826493	addons.manager	DEBUG	Provider finished startup: PluginProvider
1479881826493	addons.manager	DEBUG	Completed startup sequence
1479881828030	DeferredSave.extensions.json	DEBUG	Starting timer
1479881828054	addons.manager	DEBUG	Starting provider: <unnamed-provider>
1479881828054	addons.manager	DEBUG	Registering shutdown blocker for <unnamed-provider>
1479881828054	addons.manager	DEBUG	Provider finished startup: <unnamed-provider>
1479881828106	DeferredSave.extensions.json	DEBUG	Starting write
1479881828291	addons.repository	DEBUG	No addons.json found.
1479881828292	DeferredSave.addons.json	DEBUG	Save changes
1479881828298	DeferredSave.addons.json	DEBUG	Starting timer
1479881828375	addons.manager	DEBUG	Starting provider: PreviousExperimentProvider
1479881828376	addons.manager	DEBUG	Registering shutdown blocker for PreviousExperimentProvider
1479881828376	addons.manager	DEBUG	Provider finished startup: PreviousExperimentProvider
1479881828405	DeferredSave.addons.json	DEBUG	Starting write
1479881828410	DeferredSave.extensions.json	DEBUG	Write succeeded
1479881828486	DeferredSave.addons.json	DEBUG	Write succeeded

Build info: version: '2.53.0', revision: '35ae25b', time: '2016-03-15 16:57:40'
System info: host: 'HINMAA050077', ip: '192.168.50.85', os.name: 'Windows 7', os.arch: 'amd64', os.version: '6.1', java.version: '1.8.0_101'
Driver info: driver.version: FirefoxDriver
	at org.openqa.selenium.firefox.internal.NewProfileExtensionConnection.start(NewProfileExtensionConnection.java:112)
	at org.openqa.selenium.firefox.FirefoxDriver.startClient(FirefoxDriver.java:271)
	at org.openqa.selenium.remote.RemoteWebDriver.<init>(RemoteWebDriver.java:119)
	at org.openqa.selenium.firefox.FirefoxDriver.<init>(FirefoxDriver.java:218)
	at org.openqa.selenium.firefox.FirefoxDriver.<init>(FirefoxDriver.java:211)
	at org.openqa.selenium.firefox.FirefoxDriver.<init>(FirefoxDriver.java:129)
	at org.openqa.selenium.remote.server.FirefoxDriverProvider.callConstructor(FirefoxDriverProvider.java:91)
	at org.openqa.selenium.remote.server.FirefoxDriverProvider.newInstance(FirefoxDriverProvider.java:68)
	at org.openqa.selenium.remote.server.DefaultDriverFactory.newInstance(DefaultDriverFactory.java:60)
	at org.openqa.selenium.remote.server.DefaultSession$BrowserCreator.call(DefaultSession.java:222)
	at org.openqa.selenium.remote.server.DefaultSession$BrowserCreator.call(DefaultSession.java:1)
	at java.util.concurrent.FutureTask.run(Unknown Source)
	at org.openqa.selenium.remote.server.DefaultSession$1.run(DefaultSession.java:176)
	... 3 more
... Removed 22 stack frames]]>
    </failure>
  </testcase> <!-- @BeforeTest init -->
  <testcase name="@BeforeMethod beforemethod" time="0.0" classname="eSalesTest.QuotationTest2">
    <skipped/>
  </testcase> <!-- @BeforeMethod beforemethod -->
  <testcase name="@AfterMethod aftermethod" time="0.0" classname="eSalesTest.QuotationTest2">
    <skipped/>
  </testcase> <!-- @AfterMethod aftermethod -->
  <testcase name="@AfterTest AfterTestclose" time="0.0" classname="eSalesTest.QuotationTest2">
    <skipped/>
  </testcase> <!-- @AfterTest AfterTestclose -->
  <testcase name="CanCreateParty" time="0.802" classname="eSalesTest.QuotationTest2">
    <skipped/>
  </testcase> <!-- CanCreateParty -->
</testsuite> <!-- Windows-ARUL-FF-50.0 -->
